[2023-09-20 07:26:19] local.ERROR: In order to use the Auth::routes() method, please install the laravel/ui package. {"exception":"[object] (RuntimeException(code: 0): In order to use the Auth::routes() method, please install the laravel/ui package. at C:\\Users\\LENOVO\\OneDrive\\Desktop\\php_fauzan_ali_vijsma\\example-app\\vendor\\laravel\\framework\\src\\Illuminate\\Support\\Facades\\Auth.php:60)
[stacktrace]
#0 C:\\Users\\LENOVO\\OneDrive\\Desktop\\php_fauzan_ali_vijsma\\example-app\\routes\\web.php(53): Illuminate\\Support\\Facades\\Auth::routes()
#1 C:\\Users\\LENOVO\\OneDrive\\Desktop\\php_fauzan_ali_vijsma\\example-app\\vendor\\laravel\\framework\\src\\Illuminate\\Routing\\RouteFileRegistrar.php(35): require('C:\\\\Users\\\\LENOVO...')
#2 C:\\Users\\LENOVO\\OneDrive\\Desktop\\php_fauzan_ali_vijsma\\example-app\\vendor\\laravel\\framework\\src\\Illuminate\\Routing\\Router.php(425): Illuminate\\Routing\\RouteFileRegistrar->register('C:\\\\Users\\\\LENOVO...')
#3 C:\\Users\\LENOVO\\OneDrive\\Desktop\\php_fauzan_ali_vijsma\\example-app\\vendor\\laravel\\framework\\src\\Illuminate\\Routing\\Router.php(382): Illuminate\\Routing\\Router->loadRoutes('C:\\\\Users\\\\LENOVO...')
#4 C:\\Users\\LENOVO\\OneDrive\\Desktop\\php_fauzan_ali_vijsma\\example-app\\vendor\\laravel\\framework\\src\\Illuminate\\Routing\\RouteRegistrar.php(163): Illuminate\\Routing\\Router->group(Array, 'C:\\\\Users\\\\LENOVO...')
#5 C:\\Users\\LENOVO\\OneDrive\\Desktop\\php_fauzan_ali_vijsma\\example-app\\app\\Providers\\RouteServiceProvider.php(38): Illuminate\\Routing\\RouteRegistrar->group('C:\\\\Users\\\\LENOVO...')
#6 C:\\Users\\LENOVO\\OneDrive\\Desktop\\php_fauzan_ali_vijsma\\example-app\\vendor\\laravel\\framework\\src\\Illuminate\\Container\\BoundMethod.php(36): App\\Providers\\RouteServiceProvider->App\\Providers\\{closure}()
#7 C:\\Users\\LENOVO\\OneDrive\\Desktop\\php_fauzan_ali_vijsma\\example-app\\vendor\\laravel\\framework\\src\\Illuminate\\Container\\Util.php(40): Illuminate\\Container\\BoundMethod::Illuminate\\Container\\{closure}()
#8 C:\\Users\\LENOVO\\OneDrive\\Desktop\\php_fauzan_ali_vijsma\\example-app\\vendor\\laravel\\framework\\src\\Illuminate\\Container\\BoundMethod.php(81): Illuminate\\Container\\Util::unwrapIfClosure(Object(Closure))
#9 C:\\Users\\LENOVO\\OneDrive\\Desktop\\php_fauzan_ali_vijsma\\example-app\\vendor\\laravel\\framework\\src\\Illuminate\\Container\\BoundMethod.php(37): Illuminate\\Container\\BoundMethod::callBoundMethod(Object(Illuminate\\Foundation\\Application), Object(Closure), Object(Closure))
#10 C:\\Users\\LENOVO\\OneDrive\\Desktop\\php_fauzan_ali_vijsma\\example-app\\vendor\\laravel\\framework\\src\\Illuminate\\Container\\Container.php(653): Illuminate\\Container\\BoundMethod::call(Object(Illuminate\\Foundation\\Application), Object(Closure), Array, NULL)
#11 C:\\Users\\LENOVO\\OneDrive\\Desktop\\php_fauzan_ali_vijsma\\example-app\\vendor\\laravel\\framework\\src\\Illuminate\\Foundation\\Support\\Providers\\RouteServiceProvider.php(120): Illuminate\\Container\\Container->call(Object(Closure))
#12 C:\\Users\\LENOVO\\OneDrive\\Desktop\\php_fauzan_ali_vijsma\\example-app\\vendor\\laravel\\framework\\src\\Illuminate\\Foundation\\Support\\Providers\\RouteServiceProvider.php(45): Illuminate\\Foundation\\Support\\Providers\\RouteServiceProvider->loadRoutes()
#13 C:\\Users\\LENOVO\\OneDrive\\Desktop\\php_fauzan_ali_vijsma\\example-app\\vendor\\laravel\\framework\\src\\Illuminate\\Container\\BoundMethod.php(36): Illuminate\\Foundation\\Support\\Providers\\RouteServiceProvider->Illuminate\\Foundation\\Support\\Providers\\{closure}()
#14 C:\\Users\\LENOVO\\OneDrive\\Desktop\\php_fauzan_ali_vijsma\\example-app\\vendor\\laravel\\framework\\src\\Illuminate\\Container\\Util.php(40): Illuminate\\Container\\BoundMethod::Illuminate\\Container\\{closure}()
#15 C:\\Users\\LENOVO\\OneDrive\\Desktop\\php_fauzan_ali_vijsma\\example-app\\vendor\\laravel\\framework\\src\\Illuminate\\Container\\BoundMethod.php(81): Illuminate\\Container\\Util::unwrapIfClosure(Object(Closure))
#16 C:\\Users\\LENOVO\\OneDrive\\Desktop\\php_fauzan_ali_vijsma\\example-app\\vendor\\laravel\\framework\\src\\Illuminate\\Container\\BoundMethod.php(37): Illuminate\\Container\\BoundMethod::callBoundMethod(Object(Illuminate\\Foundation\\Application), Object(Closure), Object(Closure))
#17 C:\\Users\\LENOVO\\OneDrive\\Desktop\\php_fauzan_ali_vijsma\\example-app\\vendor\\laravel\\framework\\src\\Illuminate\\Container\\Container.php(653): Illuminate\\Container\\BoundMethod::call(Object(Illuminate\\Foundation\\Application), Object(Closure), Array, NULL)
#18 C:\\Users\\LENOVO\\OneDrive\\Desktop\\php_fauzan_ali_vijsma\\example-app\\vendor\\laravel\\framework\\src\\Illuminate\\Support\\ServiceProvider.php(119): Illuminate\\Container\\Container->call(Object(Closure))
#19 C:\\Users\\LENOVO\\OneDrive\\Desktop\\php_fauzan_ali_vijsma\\example-app\\vendor\\laravel\\framework\\src\\Illuminate\\Foundation\\Application.php(927): Illuminate\\Support\\ServiceProvider->callBootedCallbacks()
#20 C:\\Users\\LENOVO\\OneDrive\\Desktop\\php_fauzan_ali_vijsma\\example-app\\vendor\\laravel\\framework\\src\\Illuminate\\Foundation\\Application.php(905): Illuminate\\Foundation\\Application->bootProvider(Object(App\\Providers\\RouteServiceProvider))
#21 [internal function]: Illuminate\\Foundation\\Application->Illuminate\\Foundation\\{closure}(Object(App\\Providers\\RouteServiceProvider), 23)
#22 C:\\Users\\LENOVO\\OneDrive\\Desktop\\php_fauzan_ali_vijsma\\example-app\\vendor\\laravel\\framework\\src\\Illuminate\\Foundation\\Application.php(906): array_walk(Array, Object(Closure))
#23 C:\\Users\\LENOVO\\OneDrive\\Desktop\\php_fauzan_ali_vijsma\\example-app\\vendor\\laravel\\framework\\src\\Illuminate\\Foundation\\Bootstrap\\BootProviders.php(17): Illuminate\\Foundation\\Application->boot()
#24 C:\\Users\\LENOVO\\OneDrive\\Desktop\\php_fauzan_ali_vijsma\\example-app\\vendor\\laravel\\framework\\src\\Illuminate\\Foundation\\Application.php(237): Illuminate\\Foundation\\Bootstrap\\BootProviders->bootstrap(Object(Illuminate\\Foundation\\Application))
#25 C:\\Users\\LENOVO\\OneDrive\\Desktop\\php_fauzan_ali_vijsma\\example-app\\vendor\\laravel\\framework\\src\\Illuminate\\Foundation\\Console\\Kernel.php(310): Illuminate\\Foundation\\Application->bootstrapWith(Array)
#26 C:\\Users\\LENOVO\\OneDrive\\Desktop\\php_fauzan_ali_vijsma\\example-app\\vendor\\laravel\\framework\\src\\Illuminate\\Foundation\\Console\\Kernel.php(127): Illuminate\\Foundation\\Console\\Kernel->bootstrap()
#27 C:\\Users\\LENOVO\\OneDrive\\Desktop\\php_fauzan_ali_vijsma\\example-app\\artisan(37): Illuminate\\Foundation\\Console\\Kernel->handle(Object(Symfony\\Component\\Console\\Input\\ArgvInput), Object(Symfony\\Component\\Console\\Output\\ConsoleOutput))
#28 {main}
"} 
